This file contains any messages produced by compilers while
running configure, to aid debugging if configure makes a mistake.

It was created by zmq configure dev, which was
generated by GNU Autoconf 2.61.  Invocation command line was

  $ ./configure --disable-shared

## --------- ##
## Platform. ##
## --------- ##

hostname = aladar
uname -m = x86_64
uname -r = 2.6.22.6+nvmsi
uname -s = Linux
uname -v = #1 SMP Wed Oct 3 16:04:28 CEST 2007

/usr/bin/uname -p = unknown
/bin/uname -X     = unknown

/bin/arch              = x86_64
/usr/bin/arch -k       = unknown
/usr/convex/getsysinfo = unknown
/usr/bin/hostinfo      = unknown
/bin/machine           = unknown
/usr/bin/oslevel       = unknown
/bin/universe          = unknown

PATH: /usr/local/bin
PATH: /usr/bin
PATH: /bin
PATH: /usr/games
PATH: /home/malosek/ibase/bin


## ----------- ##
## Core tests. ##
## ----------- ##

configure:1978: checking for a BSD-compatible install
configure:2034: result: /usr/bin/install -c
configure:2045: checking whether build environment is sane
configure:2088: result: yes
configure:2153: checking for gawk
configure:2183: result: no
configure:2153: checking for mawk
configure:2169: found /usr/bin/mawk
configure:2180: result: mawk
configure:2191: checking whether make sets $(MAKE)
configure:2212: result: yes
configure:2457: checking for g++
configure:2473: found /usr/bin/g++
configure:2484: result: g++
configure:2515: checking for C++ compiler version
configure:2522: g++ --version >&5
g++ (GCC) 4.1.2 20061115 (prerelease) (Debian 4.1.1-21)
Copyright (C) 2006 Free Software Foundation, Inc.
This is free software; see the source for copying conditions.  There is NO
warranty; not even for MERCHANTABILITY or FITNESS FOR A PARTICULAR PURPOSE.

configure:2525: $? = 0
configure:2532: g++ -v >&5
Using built-in specs.
Target: x86_64-linux-gnu
Configured with: ../src/configure -v --enable-languages=c,c++,fortran,objc,obj-c++,treelang --prefix=/usr --enable-shared --with-system-zlib --libexecdir=/usr/lib --without-included-gettext --enable-threads=posix --enable-nls --program-suffix=-4.1 --enable-__cxa_atexit --enable-clocale=gnu --enable-libstdcxx-debug --enable-mpfr --enable-checking=release x86_64-linux-gnu
Thread model: posix
gcc version 4.1.2 20061115 (prerelease) (Debian 4.1.1-21)
configure:2535: $? = 0
configure:2542: g++ -V >&5
g++: '-V' option must have argument
configure:2545: $? = 1
configure:2568: checking for C++ compiler default output file name
configure:2595: g++ -Wall -g -ggdb   conftest.cpp  >&5
configure:2598: $? = 0
configure:2636: result: a.out
configure:2653: checking whether the C++ compiler works
configure:2663: ./a.out
configure:2666: $? = 0
configure:2683: result: yes
configure:2690: checking whether we are cross compiling
configure:2692: result: no
configure:2695: checking for suffix of executables
configure:2702: g++ -o conftest -Wall -g -ggdb   conftest.cpp  >&5
configure:2705: $? = 0
configure:2729: result: 
configure:2735: checking for suffix of object files
configure:2761: g++ -c -Wall -g -ggdb  conftest.cpp >&5
configure:2764: $? = 0
configure:2787: result: o
configure:2791: checking whether we are using the GNU C++ compiler
configure:2820: g++ -c -Wall -g -ggdb  conftest.cpp >&5
configure:2826: $? = 0
configure:2843: result: yes
configure:2848: checking whether g++ accepts -g
configure:2878: g++ -c -g  conftest.cpp >&5
configure:2884: $? = 0
configure:2983: result: yes
configure:3017: checking for style of include used by make
configure:3045: result: GNU
configure:3073: checking dependency style of g++
configure:3163: result: gcc3
configure:3228: checking for gcc
configure:3244: found /usr/bin/gcc
configure:3255: result: gcc
configure:3493: checking for C compiler version
configure:3500: gcc --version >&5
gcc (GCC) 4.1.2 20061115 (prerelease) (Debian 4.1.1-21)
Copyright (C) 2006 Free Software Foundation, Inc.
This is free software; see the source for copying conditions.  There is NO
warranty; not even for MERCHANTABILITY or FITNESS FOR A PARTICULAR PURPOSE.

configure:3503: $? = 0
configure:3510: gcc -v >&5
Using built-in specs.
Target: x86_64-linux-gnu
Configured with: ../src/configure -v --enable-languages=c,c++,fortran,objc,obj-c++,treelang --prefix=/usr --enable-shared --with-system-zlib --libexecdir=/usr/lib --without-included-gettext --enable-threads=posix --enable-nls --program-suffix=-4.1 --enable-__cxa_atexit --enable-clocale=gnu --enable-libstdcxx-debug --enable-mpfr --enable-checking=release x86_64-linux-gnu
Thread model: posix
gcc version 4.1.2 20061115 (prerelease) (Debian 4.1.1-21)
configure:3513: $? = 0
configure:3520: gcc -V >&5
gcc: '-V' option must have argument
configure:3523: $? = 1
configure:3526: checking whether we are using the GNU C compiler
configure:3555: gcc -c   conftest.c >&5
configure:3561: $? = 0
configure:3578: result: yes
configure:3583: checking whether gcc accepts -g
configure:3613: gcc -c -g  conftest.c >&5
configure:3619: $? = 0
configure:3718: result: yes
configure:3735: checking for gcc option to accept ISO C89
configure:3809: gcc  -c -g -O2  conftest.c >&5
configure:3815: $? = 0
configure:3838: result: none needed
configure:3858: checking dependency style of gcc
configure:3948: result: gcc3
configure:4043: checking build system type
configure:4061: result: x86_64-unknown-linux-gnu
configure:4083: checking host system type
configure:4098: result: x86_64-unknown-linux-gnu
configure:4120: checking for a sed that does not truncate output
configure:4174: result: /bin/sed
configure:4177: checking for grep that handles long lines and -e
configure:4251: result: /bin/grep
configure:4256: checking for egrep
configure:4334: result: /bin/grep -E
configure:4350: checking for ld used by gcc
configure:4417: result: /usr/bin/ld
configure:4426: checking if the linker (/usr/bin/ld) is GNU ld
configure:4441: result: yes
configure:4446: checking for /usr/bin/ld option to reload object files
configure:4453: result: -r
configure:4471: checking for BSD-compatible nm
configure:4520: result: /usr/bin/nm -B
configure:4524: checking whether ln -s works
configure:4528: result: yes
configure:4535: checking how to recognise dependent libraries
configure:4711: result: pass_all
configure:4799: gcc -c -g -O2  conftest.c >&5
configure:4802: $? = 0
configure:4945: checking how to run the C preprocessor
configure:4985: gcc -E  conftest.c
configure:4991: $? = 0
configure:5022: gcc -E  conftest.c
conftest.c:10:28: error: ac_nonexistent.h: No such file or directory
configure:5028: $? = 1
configure: failed program was:
| /* confdefs.h.  */
| #define PACKAGE_NAME "zmq"
| #define PACKAGE_TARNAME "zmq"
| #define PACKAGE_VERSION "dev"
| #define PACKAGE_STRING "zmq dev"
| #define PACKAGE_BUGREPORT ""
| #define PACKAGE "zmq"
| #define VERSION "dev"
| /* end confdefs.h.  */
| #include <ac_nonexistent.h>
configure:5061: result: gcc -E
configure:5090: gcc -E  conftest.c
configure:5096: $? = 0
configure:5127: gcc -E  conftest.c
conftest.c:10:28: error: ac_nonexistent.h: No such file or directory
configure:5133: $? = 1
configure: failed program was:
| /* confdefs.h.  */
| #define PACKAGE_NAME "zmq"
| #define PACKAGE_TARNAME "zmq"
| #define PACKAGE_VERSION "dev"
| #define PACKAGE_STRING "zmq dev"
| #define PACKAGE_BUGREPORT ""
| #define PACKAGE "zmq"
| #define VERSION "dev"
| /* end confdefs.h.  */
| #include <ac_nonexistent.h>
configure:5171: checking for ANSI C header files
configure:5201: gcc -c -g -O2  conftest.c >&5
configure:5207: $? = 0
configure:5306: gcc -o conftest -g -O2   conftest.c  >&5
configure:5309: $? = 0
configure:5315: ./conftest
configure:5318: $? = 0
configure:5335: result: yes
configure:5359: checking for sys/types.h
configure:5380: gcc -c -g -O2  conftest.c >&5
configure:5386: $? = 0
configure:5402: result: yes
configure:5359: checking for sys/stat.h
configure:5380: gcc -c -g -O2  conftest.c >&5
configure:5386: $? = 0
configure:5402: result: yes
configure:5359: checking for stdlib.h
configure:5380: gcc -c -g -O2  conftest.c >&5
configure:5386: $? = 0
configure:5402: result: yes
configure:5359: checking for string.h
configure:5380: gcc -c -g -O2  conftest.c >&5
configure:5386: $? = 0
configure:5402: result: yes
configure:5359: checking for memory.h
configure:5380: gcc -c -g -O2  conftest.c >&5
configure:5386: $? = 0
configure:5402: result: yes
configure:5359: checking for strings.h
configure:5380: gcc -c -g -O2  conftest.c >&5
configure:5386: $? = 0
configure:5402: result: yes
configure:5359: checking for inttypes.h
configure:5380: gcc -c -g -O2  conftest.c >&5
configure:5386: $? = 0
configure:5402: result: yes
configure:5359: checking for stdint.h
configure:5380: gcc -c -g -O2  conftest.c >&5
configure:5386: $? = 0
configure:5402: result: yes
configure:5359: checking for unistd.h
configure:5380: gcc -c -g -O2  conftest.c >&5
configure:5386: $? = 0
configure:5402: result: yes
configure:5429: checking dlfcn.h usability
configure:5446: gcc -c -g -O2  conftest.c >&5
configure:5452: $? = 0
configure:5466: result: yes
configure:5470: checking dlfcn.h presence
configure:5485: gcc -E  conftest.c
configure:5491: $? = 0
configure:5505: result: yes
configure:5533: checking for dlfcn.h
configure:5541: result: yes
configure:5564: checking how to run the C++ preprocessor
configure:5600: g++ -E  conftest.cpp
configure:5606: $? = 0
configure:5637: g++ -E  conftest.cpp
conftest.cpp:21:28: error: ac_nonexistent.h: No such file or directory
configure:5643: $? = 1
configure: failed program was:
| /* confdefs.h.  */
| #define PACKAGE_NAME "zmq"
| #define PACKAGE_TARNAME "zmq"
| #define PACKAGE_VERSION "dev"
| #define PACKAGE_STRING "zmq dev"
| #define PACKAGE_BUGREPORT ""
| #define PACKAGE "zmq"
| #define VERSION "dev"
| #define STDC_HEADERS 1
| #define HAVE_SYS_TYPES_H 1
| #define HAVE_SYS_STAT_H 1
| #define HAVE_STDLIB_H 1
| #define HAVE_STRING_H 1
| #define HAVE_MEMORY_H 1
| #define HAVE_STRINGS_H 1
| #define HAVE_INTTYPES_H 1
| #define HAVE_STDINT_H 1
| #define HAVE_UNISTD_H 1
| #define HAVE_DLFCN_H 1
| /* end confdefs.h.  */
| #include <ac_nonexistent.h>
configure:5676: result: g++ -E
configure:5705: g++ -E  conftest.cpp
configure:5711: $? = 0
configure:5742: g++ -E  conftest.cpp
conftest.cpp:21:28: error: ac_nonexistent.h: No such file or directory
configure:5748: $? = 1
configure: failed program was:
| /* confdefs.h.  */
| #define PACKAGE_NAME "zmq"
| #define PACKAGE_TARNAME "zmq"
| #define PACKAGE_VERSION "dev"
| #define PACKAGE_STRING "zmq dev"
| #define PACKAGE_BUGREPORT ""
| #define PACKAGE "zmq"
| #define VERSION "dev"
| #define STDC_HEADERS 1
| #define HAVE_SYS_TYPES_H 1
| #define HAVE_SYS_STAT_H 1
| #define HAVE_STDLIB_H 1
| #define HAVE_STRING_H 1
| #define HAVE_MEMORY_H 1
| #define HAVE_STRINGS_H 1
| #define HAVE_INTTYPES_H 1
| #define HAVE_STDINT_H 1
| #define HAVE_UNISTD_H 1
| #define HAVE_DLFCN_H 1
| /* end confdefs.h.  */
| #include <ac_nonexistent.h>
configure:5841: checking for g77
configure:5871: result: no
configure:5841: checking for xlf
configure:5871: result: no
configure:5841: checking for f77
configure:5871: result: no
configure:5841: checking for frt
configure:5871: result: no
configure:5841: checking for pgf77
configure:5871: result: no
configure:5841: checking for cf77
configure:5871: result: no
configure:5841: checking for fort77
configure:5871: result: no
configure:5841: checking for fl32
configure:5871: result: no
configure:5841: checking for af77
configure:5871: result: no
configure:5841: checking for xlf90
configure:5871: result: no
configure:5841: checking for f90
configure:5871: result: no
configure:5841: checking for pgf90
configure:5871: result: no
configure:5841: checking for pghpf
configure:5871: result: no
configure:5841: checking for epcf90
configure:5871: result: no
configure:5841: checking for gfortran
configure:5871: result: no
configure:5841: checking for g95
configure:5871: result: no
configure:5841: checking for xlf95
configure:5871: result: no
configure:5841: checking for f95
configure:5871: result: no
configure:5841: checking for fort
configure:5871: result: no
configure:5841: checking for ifort
configure:5871: result: no
configure:5841: checking for ifc
configure:5871: result: no
configure:5841: checking for efc
configure:5871: result: no
configure:5841: checking for pgf95
configure:5871: result: no
configure:5841: checking for lf95
configure:5871: result: no
configure:5841: checking for ftn
configure:5871: result: no
configure:5898: checking for Fortran 77 compiler version
configure:5905:  --version >&5
./configure: line 5906: --version: command not found
configure:5908: $? = 127
configure:5915:  -v >&5
./configure: line 5916: -v: command not found
configure:5918: $? = 127
configure:5925:  -V >&5
./configure: line 5926: -V: command not found
configure:5928: $? = 127
configure:5936: checking whether we are using the GNU Fortran 77 compiler
configure:5955:  -c  conftest.F >&5
./configure: line 5956: -c: command not found
configure:5961: $? = 127
configure: failed program was:
|       program main
| #ifndef __GNUC__
|        choke me
| #endif
| 
|       end
configure:5978: result: no
configure:5984: checking whether  accepts -g
configure:6001:  -c -g conftest.f >&5
./configure: line 6002: -c: command not found
configure:6007: $? = 127
configure: failed program was:
|       program main
| 
|       end
configure:6023: result: no
configure:6053: checking the maximum length of command line arguments
configure:6162: result: 32768
configure:6173: checking command to parse /usr/bin/nm -B output from gcc object
configure:6278: gcc -c -g -O2  conftest.c >&5
configure:6281: $? = 0
configure:6285: /usr/bin/nm -B conftest.o \| sed -n -e 's/^.*[ 	]\([ABCDGIRSTW][ABCDGIRSTW]*\)[ 	][ 	]*\([_A-Za-z][_A-Za-z0-9]*\)$/\1 \2 \2/p' \> conftest.nm
configure:6288: $? = 0
configure:6340: gcc -o conftest -g -O2   conftest.c conftstm.o >&5
configure:6343: $? = 0
configure:6381: result: ok
configure:6385: checking for objdir
configure:6400: result: .libs
configure:6492: checking for ar
configure:6508: found /usr/bin/ar
configure:6519: result: ar
configure:6588: checking for ranlib
configure:6604: found /usr/bin/ranlib
configure:6615: result: ranlib
configure:6684: checking for strip
configure:6700: found /usr/bin/strip
configure:6711: result: strip
configure:6997: checking if gcc supports -fno-rtti -fno-exceptions
configure:7015: gcc -c -g -O2  -fno-rtti -fno-exceptions conftest.c >&5
cc1: warning: command line option "-fno-rtti" is valid for C++/ObjC++ but not for C
configure:7019: $? = 0
configure:7032: result: no
configure:7047: checking for gcc option to produce PIC
configure:7257: result: -fPIC
configure:7265: checking if gcc PIC flag -fPIC works
configure:7283: gcc -c -g -O2  -fPIC -DPIC conftest.c >&5
configure:7287: $? = 0
configure:7300: result: yes
configure:7328: checking if gcc static flag -static works
configure:7356: result: yes
configure:7366: checking if gcc supports -c -o file.o
configure:7387: gcc -c -g -O2  -o out/conftest2.o conftest.c >&5
configure:7391: $? = 0
configure:7413: result: yes
configure:7439: checking whether the gcc linker (/usr/bin/ld -m elf_x86_64) supports shared libraries
configure:8394: result: yes
configure:8461: checking dynamic linker characteristics
configure:9037: result: GNU/Linux ld.so
configure:9046: checking how to hardcode library paths into programs
configure:9071: result: immediate
configure:9085: checking whether stripping libraries is possible
configure:9090: result: yes
configure:9891: checking if libtool supports shared libraries
configure:9893: result: yes
configure:9896: checking whether to build shared libraries
configure:9917: result: no
configure:9920: checking whether to build static libraries
configure:9924: result: yes
configure:10016: creating libtool
configure:10604: checking for ld used by g++
configure:10671: result: /usr/bin/ld -m elf_x86_64
configure:10680: checking if the linker (/usr/bin/ld -m elf_x86_64) is GNU ld
configure:10695: result: yes
configure:10746: checking whether the g++ linker (/usr/bin/ld -m elf_x86_64) supports shared libraries
configure:11680: result: yes
configure:11698: g++ -c -Wall -g -ggdb  conftest.cpp >&5
configure:11701: $? = 0
configure:11820: checking for g++ option to produce PIC
configure:12094: result: -fPIC
configure:12102: checking if g++ PIC flag -fPIC works
configure:12120: g++ -c -Wall -g -ggdb  -fPIC -DPIC conftest.cpp >&5
configure:12124: $? = 0
configure:12137: result: yes
configure:12165: checking if g++ static flag -static works
configure:12193: result: yes
configure:12203: checking if g++ supports -c -o file.o
configure:12224: g++ -c -Wall -g -ggdb  -o out/conftest2.o conftest.cpp >&5
configure:12228: $? = 0
configure:12250: result: yes
configure:12276: checking whether the g++ linker (/usr/bin/ld -m elf_x86_64) supports shared libraries
configure:12304: result: yes
configure:12371: checking dynamic linker characteristics
configure:12947: result: GNU/Linux ld.so
configure:12956: checking how to hardcode library paths into programs
configure:12981: result: immediate
configure:19102: checking for pthread_create in -lpthread
configure:19137: gcc -o conftest -g -O2   conftest.c -lpthread   >&5
configure:19143: $? = 0
configure:19161: result: yes
configure:19174: checking host system type
configure:19189: result: x86_64-unknown-linux-gnu
configure:19449: checking for ANSI C header files
configure:19613: result: yes
configure:19628: checking for stdint.h
configure:19634: result: yes
configure:19770: checking for inttypes.h
configure:19776: result: yes
configure:19932: checking errno.h usability
configure:19949: gcc -c -g -O2 -D_REENTRANT  conftest.c >&5
configure:19955: $? = 0
configure:19969: result: yes
configure:19973: checking errno.h presence
configure:19988: gcc -E -D_REENTRANT  conftest.c
configure:19994: $? = 0
configure:20008: result: yes
configure:20036: checking for errno.h
configure:20044: result: yes
configure:19932: checking arpa/inet.h usability
configure:19949: gcc -c -g -O2 -D_REENTRANT  conftest.c >&5
configure:19955: $? = 0
configure:19969: result: yes
configure:19973: checking arpa/inet.h presence
configure:19988: gcc -E -D_REENTRANT  conftest.c
configure:19994: $? = 0
configure:20008: result: yes
configure:20036: checking for arpa/inet.h
configure:20044: result: yes
configure:19932: checking netinet/tcp.h usability
configure:19949: gcc -c -g -O2 -D_REENTRANT  conftest.c >&5
configure:19955: $? = 0
configure:19969: result: yes
configure:19973: checking netinet/tcp.h presence
configure:19988: gcc -E -D_REENTRANT  conftest.c
configure:19994: $? = 0
configure:20008: result: yes
configure:20036: checking for netinet/tcp.h
configure:20044: result: yes
configure:19932: checking netinet/in.h usability
configure:19949: gcc -c -g -O2 -D_REENTRANT  conftest.c >&5
configure:19955: $? = 0
configure:19969: result: yes
configure:19973: checking netinet/in.h presence
configure:19988: gcc -E -D_REENTRANT  conftest.c
configure:19994: $? = 0
configure:20008: result: yes
configure:20036: checking for netinet/in.h
configure:20044: result: yes
configure:19932: checking stddef.h usability
configure:19949: gcc -c -g -O2 -D_REENTRANT  conftest.c >&5
configure:19955: $? = 0
configure:19969: result: yes
configure:19973: checking stddef.h presence
configure:19988: gcc -E -D_REENTRANT  conftest.c
configure:19994: $? = 0
configure:20008: result: yes
configure:20036: checking for stddef.h
configure:20044: result: yes
configure:19922: checking for stdlib.h
configure:19928: result: yes
configure:19922: checking for string.h
configure:19928: result: yes
configure:19932: checking sys/socket.h usability
configure:19949: gcc -c -g -O2 -D_REENTRANT  conftest.c >&5
configure:19955: $? = 0
configure:19969: result: yes
configure:19973: checking sys/socket.h presence
configure:19988: gcc -E -D_REENTRANT  conftest.c
configure:19994: $? = 0
configure:20008: result: yes
configure:20036: checking for sys/socket.h
configure:20044: result: yes
configure:19932: checking sys/time.h usability
configure:19949: gcc -c -g -O2 -D_REENTRANT  conftest.c >&5
configure:19955: $? = 0
configure:19969: result: yes
configure:19973: checking sys/time.h presence
configure:19988: gcc -E -D_REENTRANT  conftest.c
configure:19994: $? = 0
configure:20008: result: yes
configure:20036: checking for sys/time.h
configure:20044: result: yes
configure:19922: checking for unistd.h
configure:19928: result: yes
configure:19932: checking limits.h usability
configure:19949: gcc -c -g -O2 -D_REENTRANT  conftest.c >&5
configure:19955: $? = 0
configure:19969: result: yes
configure:19973: checking limits.h presence
configure:19988: gcc -E -D_REENTRANT  conftest.c
configure:19994: $? = 0
configure:20008: result: yes
configure:20036: checking for limits.h
configure:20044: result: yes
configure:20059: checking for stdbool.h that conforms to C99
configure:20152: gcc -c -g -O2 -D_REENTRANT  conftest.c >&5
configure:20158: $? = 0
configure:20173: result: yes
configure:20175: checking for _Bool
configure:20205: gcc -c -g -O2 -D_REENTRANT  conftest.c >&5
configure:20211: $? = 0
configure:20226: result: yes
configure:20245: checking for an ANSI C-conforming const
configure:20320: gcc -c -g -O2 -D_REENTRANT  conftest.c >&5
configure:20326: $? = 0
configure:20341: result: yes
configure:20351: checking for inline
configure:20377: gcc -c -g -O2 -D_REENTRANT  conftest.c >&5
configure:20383: $? = 0
configure:20401: result: inline
configure:20420: checking for size_t
configure:20450: gcc -c -g -O2 -D_REENTRANT  conftest.c >&5
configure:20456: $? = 0
configure:20471: result: yes
configure:20483: checking for ssize_t
configure:20513: gcc -c -g -O2 -D_REENTRANT  conftest.c >&5
configure:20519: $? = 0
configure:20534: result: yes
configure:20546: checking whether time.h and sys/time.h may both be included
configure:20576: gcc -c -g -O2 -D_REENTRANT  conftest.c >&5
configure:20582: $? = 0
configure:20597: result: yes
configure:20608: checking for uint32_t
configure:20639: gcc -c -g -O2 -D_REENTRANT  conftest.c >&5
configure:20645: $? = 0
configure:20666: result: yes
configure:20683: checking for working volatile
configure:20712: gcc -c -g -O2 -D_REENTRANT  conftest.c >&5
configure:20718: $? = 0
configure:20733: result: yes
configure:20764: checking for stdlib.h
configure:20770: result: yes
configure:20899: checking for GNU libc compatible malloc
configure:20933: gcc -o conftest -g -O2 -D_REENTRANT   conftest.c -lpthread  >&5
configure:20936: $? = 0
configure:20942: ./conftest
configure:20945: $? = 0
configure:20961: result: yes
configure:20989: checking return type of signal handlers
configure:21017: gcc -c -g -O2 -D_REENTRANT  conftest.c >&5
conftest.c: In function 'main':
conftest.c:48: error: void value not ignored as it ought to be
configure:21023: $? = 1
configure: failed program was:
| /* confdefs.h.  */
| #define PACKAGE_NAME "zmq"
| #define PACKAGE_TARNAME "zmq"
| #define PACKAGE_VERSION "dev"
| #define PACKAGE_STRING "zmq dev"
| #define PACKAGE_BUGREPORT ""
| #define PACKAGE "zmq"
| #define VERSION "dev"
| #define STDC_HEADERS 1
| #define HAVE_SYS_TYPES_H 1
| #define HAVE_SYS_STAT_H 1
| #define HAVE_STDLIB_H 1
| #define HAVE_STRING_H 1
| #define HAVE_MEMORY_H 1
| #define HAVE_STRINGS_H 1
| #define HAVE_INTTYPES_H 1
| #define HAVE_STDINT_H 1
| #define HAVE_UNISTD_H 1
| #define HAVE_DLFCN_H 1
| #define HAVE_LIBPTHREAD 1
| #define ZMQ_HAVE_LINUX 1
| #define STDC_HEADERS 1
| #define HAVE_STDINT_H 1
| #define HAVE_INTTYPES_H 1
| #define HAVE_ERRNO_H 1
| #define HAVE_ARPA_INET_H 1
| #define HAVE_NETINET_TCP_H 1
| #define HAVE_NETINET_IN_H 1
| #define HAVE_STDDEF_H 1
| #define HAVE_STDLIB_H 1
| #define HAVE_STRING_H 1
| #define HAVE_SYS_SOCKET_H 1
| #define HAVE_SYS_TIME_H 1
| #define HAVE_UNISTD_H 1
| #define HAVE_LIMITS_H 1
| #define HAVE__BOOL 1
| #define HAVE_STDBOOL_H 1
| #define TIME_WITH_SYS_TIME 1
| #define HAVE_STDLIB_H 1
| #define HAVE_MALLOC 1
| /* end confdefs.h.  */
| #include <sys/types.h>
| #include <signal.h>
| 
| int
| main ()
| {
| return *(signal (0, 0)) (0) == 1;
|   ;
|   return 0;
| }
configure:21038: result: void
configure:21053: checking for perror
configure:21109: gcc -o conftest -g -O2 -D_REENTRANT   conftest.c -lpthread  >&5
configure:21115: $? = 0
configure:21133: result: yes
configure:21053: checking for gettimeofday
configure:21109: gcc -o conftest -g -O2 -D_REENTRANT   conftest.c -lpthread  >&5
configure:21115: $? = 0
configure:21133: result: yes
configure:21053: checking for memset
configure:21109: gcc -o conftest -g -O2 -D_REENTRANT   conftest.c -lpthread  >&5
conftest.c:68: warning: conflicting types for built-in function 'memset'
configure:21115: $? = 0
configure:21133: result: yes
configure:21053: checking for socket
configure:21109: gcc -o conftest -g -O2 -D_REENTRANT   conftest.c -lpthread  >&5
configure:21115: $? = 0
configure:21133: result: yes
configure:21267: creating ./config.status

## ---------------------- ##
## Running config.status. ##
## ---------------------- ##

This file was extended by zmq config.status dev, which was
generated by GNU Autoconf 2.61.  Invocation command line was

  CONFIG_FILES    = 
  CONFIG_HEADERS  = 
  CONFIG_LINKS    = 
  CONFIG_COMMANDS = 
  $ ./config.status 

on aladar

config.status:671: creating Makefile
config.status:671: creating zmq/Makefile
config.status:671: creating zmq/stdint.hpp
config.status:671: creating perf/Makefile
config.status:671: creating tests/Makefile
config.status:671: creating perf/tests/Makefile
config.status:671: creating perf/tests/zmq_vs_tcp/Makefile
config.status:671: creating perf/tests/tcp/Makefile
config.status:671: creating perf/tests/zmq/Makefile
config.status:671: creating perf/tests/ysuite/Makefile
config.status:671: creating zmq/config.h
config.status:918: zmq/config.h is unchanged
config.status:671: creating zmq/platform.hpp
config.status:918: zmq/platform.hpp is unchanged
config.status:964: executing depfiles commands

## ---------------- ##
## Cache variables. ##
## ---------------- ##

ac_cv_build=x86_64-unknown-linux-gnu
ac_cv_c_compiler_gnu=yes
ac_cv_c_const=yes
ac_cv_c_inline=inline
ac_cv_c_uint32_t=yes
ac_cv_c_volatile=yes
ac_cv_cxx_compiler_gnu=yes
ac_cv_env_CCC_set=
ac_cv_env_CCC_value=
ac_cv_env_CC_set=
ac_cv_env_CC_value=
ac_cv_env_CFLAGS_set=
ac_cv_env_CFLAGS_value=
ac_cv_env_CPPFLAGS_set=
ac_cv_env_CPPFLAGS_value=
ac_cv_env_CPP_set=
ac_cv_env_CPP_value=
ac_cv_env_CXXCPP_set=
ac_cv_env_CXXCPP_value=
ac_cv_env_CXXFLAGS_set=set
ac_cv_env_CXXFLAGS_value='-Wall -g -ggdb'
ac_cv_env_CXX_set=
ac_cv_env_CXX_value=
ac_cv_env_F77_set=
ac_cv_env_F77_value=
ac_cv_env_FFLAGS_set=
ac_cv_env_FFLAGS_value=
ac_cv_env_LDFLAGS_set=
ac_cv_env_LDFLAGS_value=
ac_cv_env_LIBS_set=
ac_cv_env_LIBS_value=
ac_cv_env_build_alias_set=
ac_cv_env_build_alias_value=
ac_cv_env_host_alias_set=
ac_cv_env_host_alias_value=
ac_cv_env_target_alias_set=
ac_cv_env_target_alias_value=
ac_cv_f77_compiler_gnu=no
ac_cv_func_gettimeofday=yes
ac_cv_func_malloc_0_nonnull=yes
ac_cv_func_memset=yes
ac_cv_func_perror=yes
ac_cv_func_socket=yes
ac_cv_header_arpa_inet_h=yes
ac_cv_header_dlfcn_h=yes
ac_cv_header_errno_h=yes
ac_cv_header_inttypes_h=yes
ac_cv_header_limits_h=yes
ac_cv_header_memory_h=yes
ac_cv_header_netinet_in_h=yes
ac_cv_header_netinet_tcp_h=yes
ac_cv_header_stdbool_h=yes
ac_cv_header_stdc=yes
ac_cv_header_stddef_h=yes
ac_cv_header_stdint_h=yes
ac_cv_header_stdlib_h=yes
ac_cv_header_string_h=yes
ac_cv_header_strings_h=yes
ac_cv_header_sys_socket_h=yes
ac_cv_header_sys_stat_h=yes
ac_cv_header_sys_time_h=yes
ac_cv_header_sys_types_h=yes
ac_cv_header_time=yes
ac_cv_header_unistd_h=yes
ac_cv_host=x86_64-unknown-linux-gnu
ac_cv_lib_pthread_pthread_create=yes
ac_cv_objext=o
ac_cv_path_EGREP='/bin/grep -E'
ac_cv_path_GREP=/bin/grep
ac_cv_path_install='/usr/bin/install -c'
ac_cv_prog_AWK=mawk
ac_cv_prog_CPP='gcc -E'
ac_cv_prog_CXXCPP='g++ -E'
ac_cv_prog_ac_ct_AR=ar
ac_cv_prog_ac_ct_CC=gcc
ac_cv_prog_ac_ct_CXX=g++
ac_cv_prog_ac_ct_RANLIB=ranlib
ac_cv_prog_ac_ct_STRIP=strip
ac_cv_prog_cc_c89=
ac_cv_prog_cc_g=yes
ac_cv_prog_cxx_g=yes
ac_cv_prog_f77_g=no
ac_cv_prog_make_make_set=yes
ac_cv_type__Bool=yes
ac_cv_type_signal=void
ac_cv_type_size_t=yes
ac_cv_type_ssize_t=yes
am_cv_CC_dependencies_compiler_type=gcc3
am_cv_CXX_dependencies_compiler_type=gcc3
lt_cv_deplibs_check_method=pass_all
lt_cv_file_magic_cmd='$MAGIC_CMD'
lt_cv_file_magic_test_file=
lt_cv_ld_reload_flag=-r
lt_cv_objdir=.libs
lt_cv_path_LD=/usr/bin/ld
lt_cv_path_LDCXX='/usr/bin/ld -m elf_x86_64'
lt_cv_path_NM='/usr/bin/nm -B'
lt_cv_path_SED=/bin/sed
lt_cv_prog_compiler_c_o=yes
lt_cv_prog_compiler_c_o_CXX=yes
lt_cv_prog_compiler_rtti_exceptions=no
lt_cv_prog_gnu_ld=yes
lt_cv_prog_gnu_ldcxx=yes
lt_cv_sys_global_symbol_pipe='sed -n -e '\''s/^.*[ 	]\([ABCDGIRSTW][ABCDGIRSTW]*\)[ 	][ 	]*\([_A-Za-z][_A-Za-z0-9]*\)$/\1 \2 \2/p'\'''
lt_cv_sys_global_symbol_to_c_name_address='sed -n -e '\''s/^: \([^ ]*\) $/  {\"\1\", (lt_ptr) 0},/p'\'' -e '\''s/^[BCDEGRST] \([^ ]*\) \([^ ]*\)$/  {"\2", (lt_ptr) \&\2},/p'\'''
lt_cv_sys_global_symbol_to_cdecl='sed -n -e '\''s/^. .* \(.*\)$/extern int \1;/p'\'''
lt_cv_sys_max_cmd_len=32768
lt_lt_cv_prog_compiler_c_o='"yes"'
lt_lt_cv_prog_compiler_c_o_CXX='"yes"'
lt_lt_cv_sys_global_symbol_pipe='"sed -n -e '\''s/^.*[ 	]\\([ABCDGIRSTW][ABCDGIRSTW]*\\)[ 	][ 	]*\\([_A-Za-z][_A-Za-z0-9]*\\)\$/\\1 \\2 \\2/p'\''"'
lt_lt_cv_sys_global_symbol_to_c_name_address='"sed -n -e '\''s/^: \\([^ ]*\\) \$/  {\\\"\\1\\\", (lt_ptr) 0},/p'\'' -e '\''s/^[BCDEGRST] \\([^ ]*\\) \\([^ ]*\\)\$/  {\"\\2\", (lt_ptr) \\&\\2},/p'\''"'
lt_lt_cv_sys_global_symbol_to_cdecl='"sed -n -e '\''s/^. .* \\(.*\\)\$/extern int \\1;/p'\''"'

## ----------------- ##
## Output variables. ##
## ----------------- ##

ACLOCAL='${SHELL} /home/malosek/fast-svn/config/missing --run aclocal-1.9'
AMDEPBACKSLASH='\'
AMDEP_FALSE='#'
AMDEP_TRUE=''
AMTAR='${SHELL} /home/malosek/fast-svn/config/missing --run tar'
AR='ar'
AUTOCONF='${SHELL} /home/malosek/fast-svn/config/missing --run autoconf'
AUTOHEADER='${SHELL} /home/malosek/fast-svn/config/missing --run autoheader'
AUTOMAKE='${SHELL} /home/malosek/fast-svn/config/missing --run automake-1.9'
AWK='mawk'
CC='gcc'
CCDEPMODE='depmode=gcc3'
CFLAGS='-g -O2'
CPP='gcc -E'
CPPFLAGS='-D_REENTRANT '
CXX='g++'
CXXCPP='g++ -E'
CXXDEPMODE='depmode=gcc3'
CXXFLAGS='-Wall -g -ggdb'
CYGPATH_W='echo'
DEFS='-DHAVE_CONFIG_H'
DEPDIR='.deps'
ECHO='echo'
ECHO_C=''
ECHO_N='-n'
ECHO_T=''
EGREP='/bin/grep -E'
EXEEXT=''
F77=''
FFLAGS=''
GREP='/bin/grep'
INSTALL_DATA='${INSTALL} -m 644'
INSTALL_PROGRAM='${INSTALL}'
INSTALL_SCRIPT='${INSTALL}'
INSTALL_STRIP_PROGRAM='${SHELL} $(install_sh) -c -s'
LDFLAGS=''
LIBOBJS=''
LIBS='-lpthread '
LIBTOOL='$(SHELL) $(top_builddir)/libtool'
LN_S='ln -s'
LTLIBOBJS=''
MAKEINFO='${SHELL} /home/malosek/fast-svn/config/missing --run makeinfo'
OBJEXT='o'
PACKAGE='zmq'
PACKAGE_BUGREPORT=''
PACKAGE_NAME='zmq'
PACKAGE_STRING='zmq dev'
PACKAGE_TARNAME='zmq'
PACKAGE_VERSION='dev'
PATH_SEPARATOR=':'
RANLIB='ranlib'
SET_MAKE=''
SHELL='/bin/sh'
STRIP='strip'
VERSION='dev'
ac_ct_CC='gcc'
ac_ct_CXX='g++'
ac_ct_F77=''
am__fastdepCC_FALSE='#'
am__fastdepCC_TRUE=''
am__fastdepCXX_FALSE='#'
am__fastdepCXX_TRUE=''
am__include='include'
am__leading_dot='.'
am__quote=''
am__tar='${AMTAR} chof - "$$tardir"'
am__untar='${AMTAR} xf -'
bindir='${exec_prefix}/bin'
build='x86_64-unknown-linux-gnu'
build_alias=''
build_cpu='x86_64'
build_os='linux-gnu'
build_vendor='unknown'
datadir='${datarootdir}'
datarootdir='${prefix}/share'
docdir='${datarootdir}/doc/${PACKAGE_TARNAME}'
dvidir='${docdir}'
exec_prefix='${prefix}'
host='x86_64-unknown-linux-gnu'
host_alias=''
host_cpu='x86_64'
host_os='linux-gnu'
host_vendor='unknown'
htmldir='${docdir}'
includedir='${prefix}/include'
infodir='${datarootdir}/info'
install_sh='/home/malosek/fast-svn/config/install-sh'
inttypes='1'
libdir='${exec_prefix}/lib'
libexecdir='${exec_prefix}/libexec'
localedir='${datarootdir}/locale'
localstatedir='${prefix}/var'
mandir='${datarootdir}/man'
mkdir_p='mkdir -p --'
oldincludedir='/usr/include'
pdfdir='${docdir}'
prefix='/usr/local'
program_transform_name='s,x,x,'
psdir='${docdir}'
sbindir='${exec_prefix}/sbin'
sharedstatedir='${prefix}/com'
stdint='1'
sysconfdir='${prefix}/etc'
target_alias=''

## ----------- ##
## confdefs.h. ##
## ----------- ##

#define PACKAGE_NAME "zmq"
#define PACKAGE_TARNAME "zmq"
#define PACKAGE_VERSION "dev"
#define PACKAGE_STRING "zmq dev"
#define PACKAGE_BUGREPORT ""
#define PACKAGE "zmq"
#define VERSION "dev"
#define STDC_HEADERS 1
#define HAVE_SYS_TYPES_H 1
#define HAVE_SYS_STAT_H 1
#define HAVE_STDLIB_H 1
#define HAVE_STRING_H 1
#define HAVE_MEMORY_H 1
#define HAVE_STRINGS_H 1
#define HAVE_INTTYPES_H 1
#define HAVE_STDINT_H 1
#define HAVE_UNISTD_H 1
#define HAVE_DLFCN_H 1
#define HAVE_LIBPTHREAD 1
#define ZMQ_HAVE_LINUX 1
#define STDC_HEADERS 1
#define HAVE_STDINT_H 1
#define HAVE_INTTYPES_H 1
#define HAVE_ERRNO_H 1
#define HAVE_ARPA_INET_H 1
#define HAVE_NETINET_TCP_H 1
#define HAVE_NETINET_IN_H 1
#define HAVE_STDDEF_H 1
#define HAVE_STDLIB_H 1
#define HAVE_STRING_H 1
#define HAVE_SYS_SOCKET_H 1
#define HAVE_SYS_TIME_H 1
#define HAVE_UNISTD_H 1
#define HAVE_LIMITS_H 1
#define HAVE__BOOL 1
#define HAVE_STDBOOL_H 1
#define TIME_WITH_SYS_TIME 1
#define HAVE_STDLIB_H 1
#define HAVE_MALLOC 1
#define RETSIGTYPE void
#define HAVE_PERROR 1
#define HAVE_GETTIMEOFDAY 1
#define HAVE_MEMSET 1
#define HAVE_SOCKET 1

configure: exit 0
